{"__type":"$$EventMessageAudit","id":"44a26d1c-e1b5-4709-aa56-2a4fb39e7043","ts":"2025-08-27T18:28:50.874+00:00","eventName":"n8n.audit.workflow.created","message":"n8n.audit.workflow.created","payload":{"userId":"1c13873a-7d7a-4dac-89cb-851e83077a72","_email":"pratham.r.108@gmail.com","_firstName":"Pratham","_lastName":"R","globalRole":"global:owner","workflowId":"tvCgUkTd2tnzH0Ak","workflowName":"My workflow 3"}}
{"__type":"$$EventMessageConfirm","confirm":"44a26d1c-e1b5-4709-aa56-2a4fb39e7043","ts":"2025-08-27T18:28:50.877+00:00","source":{"id":"0","name":"eventBus"}}
{"__type":"$$EventMessageWorkflow","id":"cf0ce0dd-7ae8-4fe7-99e5-fd24d44bffcc","ts":"2025-08-27T14:29:24.566-04:00","eventName":"n8n.workflow.started","message":"n8n.workflow.started","payload":{"executionId":"3","workflowId":"tvCgUkTd2tnzH0Ak","isManual":false,"workflowName":"My workflow 3"}}
{"__type":"$$EventMessageConfirm","confirm":"cf0ce0dd-7ae8-4fe7-99e5-fd24d44bffcc","ts":"2025-08-27T14:29:24.567-04:00","source":{"id":"0","name":"eventBus"}}
{"__type":"$$EventMessageNode","id":"5d84f20a-6335-4ea9-a359-3eb5aa29e5ef","ts":"2025-08-27T14:29:24.572-04:00","eventName":"n8n.node.started","message":"n8n.node.started","payload":{"workflowId":"tvCgUkTd2tnzH0Ak","workflowName":"My workflow 3","executionId":"3","nodeType":"n8n-nodes-base.webhook","nodeName":"Webhook","nodeId":"4f9dd037-370d-4ef5-bf97-f64114568706"}}
{"__type":"$$EventMessageConfirm","confirm":"5d84f20a-6335-4ea9-a359-3eb5aa29e5ef","ts":"2025-08-27T14:29:24.573-04:00","source":{"id":"0","name":"eventBus"}}
{"__type":"$$EventMessageNode","id":"de24b856-bd43-41bc-b68a-dd826c1400f4","ts":"2025-08-27T14:29:24.576-04:00","eventName":"n8n.node.finished","message":"n8n.node.finished","payload":{"workflowId":"tvCgUkTd2tnzH0Ak","workflowName":"My workflow 3","executionId":"3","nodeType":"n8n-nodes-base.webhook","nodeName":"Webhook","nodeId":"4f9dd037-370d-4ef5-bf97-f64114568706"}}
{"__type":"$$EventMessageConfirm","confirm":"de24b856-bd43-41bc-b68a-dd826c1400f4","ts":"2025-08-27T14:29:24.576-04:00","source":{"id":"0","name":"eventBus"}}
{"__type":"$$EventMessageNode","id":"0d282ece-9003-4cc8-82ad-f6acd4368fc3","ts":"2025-08-27T14:29:24.577-04:00","eventName":"n8n.node.started","message":"n8n.node.started","payload":{"workflowId":"tvCgUkTd2tnzH0Ak","workflowName":"My workflow 3","executionId":"3","nodeType":"n8n-nodes-base.httpRequest","nodeName":"Get Intent","nodeId":"f66a4f72-26f8-4778-b37a-3c5a6df39447"}}
{"__type":"$$EventMessageConfirm","confirm":"0d282ece-9003-4cc8-82ad-f6acd4368fc3","ts":"2025-08-27T14:29:24.577-04:00","source":{"id":"0","name":"eventBus"}}
{"__type":"$$EventMessageNode","id":"7c3dce9d-8d33-4110-91d6-6aa794f6a82e","ts":"2025-08-27T14:29:25.202-04:00","eventName":"n8n.node.finished","message":"n8n.node.finished","payload":{"workflowId":"tvCgUkTd2tnzH0Ak","workflowName":"My workflow 3","executionId":"3","nodeType":"n8n-nodes-base.httpRequest","nodeName":"Get Intent","nodeId":"f66a4f72-26f8-4778-b37a-3c5a6df39447"}}
{"__type":"$$EventMessageConfirm","confirm":"7c3dce9d-8d33-4110-91d6-6aa794f6a82e","ts":"2025-08-27T14:29:25.202-04:00","source":{"id":"0","name":"eventBus"}}
{"__type":"$$EventMessageWorkflow","id":"57604ce5-d5b1-47ee-8d28-0a27302723fd","ts":"2025-08-27T14:29:25.211-04:00","eventName":"n8n.workflow.failed","message":"n8n.workflow.failed","payload":{"executionId":"3","success":false,"isManual":true,"workflowId":"tvCgUkTd2tnzH0Ak","workflowName":"My workflow 3","lastNodeExecuted":"Get Intent","errorNodeType":"n8n-nodes-base.httpRequest","errorMessage":"Your request is invalid or could not be processed by the service"}}
{"__type":"$$EventMessageConfirm","confirm":"57604ce5-d5b1-47ee-8d28-0a27302723fd","ts":"2025-08-27T14:29:25.212-04:00","source":{"id":"0","name":"eventBus"}}
{"__type":"$$EventMessageWorkflow","id":"4cdd9be1-b9d0-4f34-b630-0668818f1e08","ts":"2025-08-27T14:33:27.418-04:00","eventName":"n8n.workflow.started","message":"n8n.workflow.started","payload":{"executionId":"4","workflowId":"tvCgUkTd2tnzH0Ak","isManual":false,"workflowName":"My workflow 3"}}
{"__type":"$$EventMessageConfirm","confirm":"4cdd9be1-b9d0-4f34-b630-0668818f1e08","ts":"2025-08-27T14:33:27.419-04:00","source":{"id":"0","name":"eventBus"}}
{"__type":"$$EventMessageNode","id":"6758c64f-e13e-4b00-a84c-1f80e8251b66","ts":"2025-08-27T14:33:27.421-04:00","eventName":"n8n.node.started","message":"n8n.node.started","payload":{"workflowId":"tvCgUkTd2tnzH0Ak","workflowName":"My workflow 3","executionId":"4","nodeType":"n8n-nodes-base.webhook","nodeName":"Webhook","nodeId":"4f9dd037-370d-4ef5-bf97-f64114568706"}}
{"__type":"$$EventMessageConfirm","confirm":"6758c64f-e13e-4b00-a84c-1f80e8251b66","ts":"2025-08-27T14:33:27.421-04:00","source":{"id":"0","name":"eventBus"}}
{"__type":"$$EventMessageNode","id":"20287699-7eae-4bfd-a648-7d4011fe47df","ts":"2025-08-27T14:33:27.423-04:00","eventName":"n8n.node.finished","message":"n8n.node.finished","payload":{"workflowId":"tvCgUkTd2tnzH0Ak","workflowName":"My workflow 3","executionId":"4","nodeType":"n8n-nodes-base.webhook","nodeName":"Webhook","nodeId":"4f9dd037-370d-4ef5-bf97-f64114568706"}}
{"__type":"$$EventMessageConfirm","confirm":"20287699-7eae-4bfd-a648-7d4011fe47df","ts":"2025-08-27T14:33:27.423-04:00","source":{"id":"0","name":"eventBus"}}
{"__type":"$$EventMessageNode","id":"ec70a470-bdde-4edf-aee3-c945b6e170dc","ts":"2025-08-27T14:33:27.424-04:00","eventName":"n8n.node.started","message":"n8n.node.started","payload":{"workflowId":"tvCgUkTd2tnzH0Ak","workflowName":"My workflow 3","executionId":"4","nodeType":"n8n-nodes-base.httpRequest","nodeName":"Get Intent","nodeId":"f66a4f72-26f8-4778-b37a-3c5a6df39447"}}
{"__type":"$$EventMessageConfirm","confirm":"ec70a470-bdde-4edf-aee3-c945b6e170dc","ts":"2025-08-27T14:33:27.424-04:00","source":{"id":"0","name":"eventBus"}}
{"__type":"$$EventMessageNode","id":"5c71da81-99a8-4c8a-a174-b627089e14ee","ts":"2025-08-27T14:33:27.486-04:00","eventName":"n8n.node.finished","message":"n8n.node.finished","payload":{"workflowId":"tvCgUkTd2tnzH0Ak","workflowName":"My workflow 3","executionId":"4","nodeType":"n8n-nodes-base.httpRequest","nodeName":"Get Intent","nodeId":"f66a4f72-26f8-4778-b37a-3c5a6df39447"}}
{"__type":"$$EventMessageConfirm","confirm":"5c71da81-99a8-4c8a-a174-b627089e14ee","ts":"2025-08-27T14:33:27.486-04:00","source":{"id":"0","name":"eventBus"}}
{"__type":"$$EventMessageWorkflow","id":"ae80e7a5-da7d-4561-88c0-7523d36ce462","ts":"2025-08-27T14:33:27.489-04:00","eventName":"n8n.workflow.failed","message":"n8n.workflow.failed","payload":{"executionId":"4","success":false,"isManual":true,"workflowId":"tvCgUkTd2tnzH0Ak","workflowName":"My workflow 3","lastNodeExecuted":"Get Intent","errorNodeType":"n8n-nodes-base.httpRequest","errorMessage":"Your request is invalid or could not be processed by the service"}}
{"__type":"$$EventMessageConfirm","confirm":"ae80e7a5-da7d-4561-88c0-7523d36ce462","ts":"2025-08-27T14:33:27.489-04:00","source":{"id":"0","name":"eventBus"}}
{"__type":"$$EventMessageWorkflow","id":"c2ffcef8-63a6-4939-b6eb-835b9d4712fe","ts":"2025-08-27T14:36:12.087-04:00","eventName":"n8n.workflow.started","message":"n8n.workflow.started","payload":{"executionId":"5","workflowId":"tvCgUkTd2tnzH0Ak","isManual":false,"workflowName":"My workflow 3"}}
{"__type":"$$EventMessageConfirm","confirm":"c2ffcef8-63a6-4939-b6eb-835b9d4712fe","ts":"2025-08-27T14:36:12.088-04:00","source":{"id":"0","name":"eventBus"}}
{"__type":"$$EventMessageNode","id":"7319ec39-3a0c-4909-9d66-81da427f1dee","ts":"2025-08-27T14:36:12.089-04:00","eventName":"n8n.node.started","message":"n8n.node.started","payload":{"workflowId":"tvCgUkTd2tnzH0Ak","workflowName":"My workflow 3","executionId":"5","nodeType":"n8n-nodes-base.webhook","nodeName":"Webhook","nodeId":"4f9dd037-370d-4ef5-bf97-f64114568706"}}
{"__type":"$$EventMessageConfirm","confirm":"7319ec39-3a0c-4909-9d66-81da427f1dee","ts":"2025-08-27T14:36:12.089-04:00","source":{"id":"0","name":"eventBus"}}
{"__type":"$$EventMessageNode","id":"205896a4-965b-4e58-9e3d-06db18182f87","ts":"2025-08-27T14:36:12.090-04:00","eventName":"n8n.node.finished","message":"n8n.node.finished","payload":{"workflowId":"tvCgUkTd2tnzH0Ak","workflowName":"My workflow 3","executionId":"5","nodeType":"n8n-nodes-base.webhook","nodeName":"Webhook","nodeId":"4f9dd037-370d-4ef5-bf97-f64114568706"}}
{"__type":"$$EventMessageConfirm","confirm":"205896a4-965b-4e58-9e3d-06db18182f87","ts":"2025-08-27T14:36:12.090-04:00","source":{"id":"0","name":"eventBus"}}
{"__type":"$$EventMessageNode","id":"c819f708-2eba-4caa-ad7a-4808c6d61ca9","ts":"2025-08-27T14:36:12.091-04:00","eventName":"n8n.node.started","message":"n8n.node.started","payload":{"workflowId":"tvCgUkTd2tnzH0Ak","workflowName":"My workflow 3","executionId":"5","nodeType":"n8n-nodes-base.httpRequest","nodeName":"Get Intent","nodeId":"f66a4f72-26f8-4778-b37a-3c5a6df39447"}}
{"__type":"$$EventMessageConfirm","confirm":"c819f708-2eba-4caa-ad7a-4808c6d61ca9","ts":"2025-08-27T14:36:12.091-04:00","source":{"id":"0","name":"eventBus"}}
{"__type":"$$EventMessageNode","id":"7acfcd78-5890-46f2-9450-e42ccdd17d1e","ts":"2025-08-27T14:36:12.111-04:00","eventName":"n8n.node.finished","message":"n8n.node.finished","payload":{"workflowId":"tvCgUkTd2tnzH0Ak","workflowName":"My workflow 3","executionId":"5","nodeType":"n8n-nodes-base.httpRequest","nodeName":"Get Intent","nodeId":"f66a4f72-26f8-4778-b37a-3c5a6df39447"}}
{"__type":"$$EventMessageConfirm","confirm":"7acfcd78-5890-46f2-9450-e42ccdd17d1e","ts":"2025-08-27T14:36:12.111-04:00","source":{"id":"0","name":"eventBus"}}
{"__type":"$$EventMessageWorkflow","id":"d268b592-a690-4017-aae3-74c2ede97b03","ts":"2025-08-27T14:36:12.114-04:00","eventName":"n8n.workflow.failed","message":"n8n.workflow.failed","payload":{"executionId":"5","success":false,"isManual":true,"workflowId":"tvCgUkTd2tnzH0Ak","workflowName":"My workflow 3","lastNodeExecuted":"Get Intent","errorNodeType":"n8n-nodes-base.httpRequest","errorMessage":"Your request is invalid or could not be processed by the service"}}
{"__type":"$$EventMessageConfirm","confirm":"d268b592-a690-4017-aae3-74c2ede97b03","ts":"2025-08-27T14:36:12.114-04:00","source":{"id":"0","name":"eventBus"}}
