{"__type":"$$EventMessageAudit","id":"5be28144-bb97-4939-bf33-14ffd13cf5b0","ts":"2025-08-27T17:58:41.509+00:00","eventName":"n8n.audit.workflow.created","message":"n8n.audit.workflow.created","payload":{"userId":"1c13873a-7d7a-4dac-89cb-851e83077a72","_email":"pratham.r.108@gmail.com","_firstName":"Pratham","_lastName":"R","globalRole":"global:owner","workflowId":"RRubluqw0eIiepiO","workflowName":"My workflow"}}
{"__type":"$$EventMessageConfirm","confirm":"5be28144-bb97-4939-bf33-14ffd13cf5b0","ts":"2025-08-27T17:58:41.513+00:00","source":{"id":"0","name":"eventBus"}}
{"__type":"$$EventMessageAudit","id":"fe0ebcba-25a2-4785-88ca-1f986b5df468","ts":"2025-08-27T14:05:20.785-04:00","eventName":"n8n.audit.workflow.updated","message":"n8n.audit.workflow.updated","payload":{"userId":"1c13873a-7d7a-4dac-89cb-851e83077a72","_email":"pratham.r.108@gmail.com","_firstName":"Pratham","_lastName":"R","globalRole":"global:owner","workflowId":"RRubluqw0eIiepiO","workflowName":"My workflow"}}
{"__type":"$$EventMessageConfirm","confirm":"fe0ebcba-25a2-4785-88ca-1f986b5df468","ts":"2025-08-27T14:05:20.786-04:00","source":{"id":"0","name":"eventBus"}}
{"__type":"$$EventMessageAudit","id":"2bca07e7-9caf-48d2-921b-3b9f5f4585be","ts":"2025-08-27T14:05:45.658-04:00","eventName":"n8n.audit.workflow.updated","message":"n8n.audit.workflow.updated","payload":{"userId":"1c13873a-7d7a-4dac-89cb-851e83077a72","_email":"pratham.r.108@gmail.com","_firstName":"Pratham","_lastName":"R","globalRole":"global:owner","workflowId":"RRubluqw0eIiepiO","workflowName":"My workflow"}}
{"__type":"$$EventMessageConfirm","confirm":"2bca07e7-9caf-48d2-921b-3b9f5f4585be","ts":"2025-08-27T14:05:45.658-04:00","source":{"id":"0","name":"eventBus"}}
{"__type":"$$EventMessageAudit","id":"1970a271-dbb7-4eeb-adca-d1912b35f7be","ts":"2025-08-27T14:06:08.225-04:00","eventName":"n8n.audit.workflow.updated","message":"n8n.audit.workflow.updated","payload":{"userId":"1c13873a-7d7a-4dac-89cb-851e83077a72","_email":"pratham.r.108@gmail.com","_firstName":"Pratham","_lastName":"R","globalRole":"global:owner","workflowId":"RRubluqw0eIiepiO","workflowName":"My workflow"}}
{"__type":"$$EventMessageConfirm","confirm":"1970a271-dbb7-4eeb-adca-d1912b35f7be","ts":"2025-08-27T14:06:08.226-04:00","source":{"id":"0","name":"eventBus"}}
{"__type":"$$EventMessageAudit","id":"ab82ab7b-3171-436c-9bc5-ac0571a343f7","ts":"2025-08-27T14:06:38.528-04:00","eventName":"n8n.audit.workflow.updated","message":"n8n.audit.workflow.updated","payload":{"userId":"1c13873a-7d7a-4dac-89cb-851e83077a72","_email":"pratham.r.108@gmail.com","_firstName":"Pratham","_lastName":"R","globalRole":"global:owner","workflowId":"RRubluqw0eIiepiO","workflowName":"My workflow"}}
{"__type":"$$EventMessageConfirm","confirm":"ab82ab7b-3171-436c-9bc5-ac0571a343f7","ts":"2025-08-27T14:06:38.529-04:00","source":{"id":"0","name":"eventBus"}}
{"__type":"$$EventMessageWorkflow","id":"06fb069f-abfc-478d-9fd7-af7d8f31fda7","ts":"2025-08-27T14:17:10.622-04:00","eventName":"n8n.workflow.started","message":"n8n.workflow.started","payload":{"executionId":"1","workflowId":"RRubluqw0eIiepiO","isManual":false,"workflowName":"My workflow"}}
{"__type":"$$EventMessageConfirm","confirm":"06fb069f-abfc-478d-9fd7-af7d8f31fda7","ts":"2025-08-27T14:17:10.622-04:00","source":{"id":"0","name":"eventBus"}}
{"__type":"$$EventMessageNode","id":"e6cf5c86-17f0-4171-b355-d9a2b6f5df16","ts":"2025-08-27T14:17:10.626-04:00","eventName":"n8n.node.started","message":"n8n.node.started","payload":{"workflowId":"RRubluqw0eIiepiO","workflowName":"My workflow","executionId":"1","nodeType":"n8n-nodes-base.webhook","nodeName":"Webhook","nodeId":"45e3f0d4-d86b-4a13-b014-a555e3f57872"}}
{"__type":"$$EventMessageConfirm","confirm":"e6cf5c86-17f0-4171-b355-d9a2b6f5df16","ts":"2025-08-27T14:17:10.627-04:00","source":{"id":"0","name":"eventBus"}}
{"__type":"$$EventMessageNode","id":"c331f39d-f73e-46ae-b0d1-a12ce0716400","ts":"2025-08-27T14:17:10.632-04:00","eventName":"n8n.node.finished","message":"n8n.node.finished","payload":{"workflowId":"RRubluqw0eIiepiO","workflowName":"My workflow","executionId":"1","nodeType":"n8n-nodes-base.webhook","nodeName":"Webhook","nodeId":"45e3f0d4-d86b-4a13-b014-a555e3f57872"}}
{"__type":"$$EventMessageConfirm","confirm":"c331f39d-f73e-46ae-b0d1-a12ce0716400","ts":"2025-08-27T14:17:10.632-04:00","source":{"id":"0","name":"eventBus"}}
{"__type":"$$EventMessageNode","id":"e4b93027-e537-4e2d-a632-1ab66cf32d40","ts":"2025-08-27T14:17:10.634-04:00","eventName":"n8n.node.started","message":"n8n.node.started","payload":{"workflowId":"RRubluqw0eIiepiO","workflowName":"My workflow","executionId":"1","nodeType":"n8n-nodes-base.httpRequest","nodeName":"Get Intent","nodeId":"ed7c4c2f-20a9-48c3-9462-cbbe835d2bc3"}}
{"__type":"$$EventMessageConfirm","confirm":"e4b93027-e537-4e2d-a632-1ab66cf32d40","ts":"2025-08-27T14:17:10.634-04:00","source":{"id":"0","name":"eventBus"}}
{"__type":"$$EventMessageNode","id":"325ab8c7-1ee8-48bb-9987-b77899d0c52a","ts":"2025-08-27T14:17:11.056-04:00","eventName":"n8n.node.finished","message":"n8n.node.finished","payload":{"workflowId":"RRubluqw0eIiepiO","workflowName":"My workflow","executionId":"1","nodeType":"n8n-nodes-base.httpRequest","nodeName":"Get Intent","nodeId":"ed7c4c2f-20a9-48c3-9462-cbbe835d2bc3"}}
{"__type":"$$EventMessageConfirm","confirm":"325ab8c7-1ee8-48bb-9987-b77899d0c52a","ts":"2025-08-27T14:17:11.056-04:00","source":{"id":"0","name":"eventBus"}}
{"__type":"$$EventMessageWorkflow","id":"c2d17e6b-30ff-4794-b5aa-b7a06d6b55f5","ts":"2025-08-27T14:17:11.063-04:00","eventName":"n8n.workflow.failed","message":"n8n.workflow.failed","payload":{"executionId":"1","success":false,"isManual":true,"workflowId":"RRubluqw0eIiepiO","workflowName":"My workflow","lastNodeExecuted":"Get Intent","errorNodeType":"n8n-nodes-base.httpRequest","errorMessage":"Method not allowed - please check you are using the right HTTP method"}}
{"__type":"$$EventMessageConfirm","confirm":"c2d17e6b-30ff-4794-b5aa-b7a06d6b55f5","ts":"2025-08-27T14:17:11.063-04:00","source":{"id":"0","name":"eventBus"}}
