{"__type":"$$EventMessageWorkflow","id":"ae17fd3a-0b9e-4d11-909b-85d19abcae86","ts":"2025-08-29T05:51:48.738-04:00","eventName":"n8n.workflow.started","message":"n8n.workflow.started","payload":{"executionId":"8","workflowId":"j5zdvKiKUe5c4vkX","isManual":false,"workflowName":"My workflow 5"}}
{"__type":"$$EventMessageConfirm","confirm":"ae17fd3a-0b9e-4d11-909b-85d19abcae86","ts":"2025-08-29T05:51:48.738-04:00","source":{"id":"0","name":"eventBus"}}
{"__type":"$$EventMessageNode","id":"fd289787-278d-47bb-bce3-283f664c205b","ts":"2025-08-29T05:51:48.739-04:00","eventName":"n8n.node.started","message":"n8n.node.started","payload":{"workflowId":"j5zdvKiKUe5c4vkX","workflowName":"My workflow 5","executionId":"8","nodeType":"n8n-nodes-base.webhook","nodeName":"Webhook","nodeId":"3bce7714-e122-4673-8fda-a89e2f53424e"}}
{"__type":"$$EventMessageConfirm","confirm":"fd289787-278d-47bb-bce3-283f664c205b","ts":"2025-08-29T05:51:48.739-04:00","source":{"id":"0","name":"eventBus"}}
{"__type":"$$EventMessageNode","id":"6142ed4d-0abd-43ef-b70c-304c8a1ffd1d","ts":"2025-08-29T05:51:48.740-04:00","eventName":"n8n.node.finished","message":"n8n.node.finished","payload":{"workflowId":"j5zdvKiKUe5c4vkX","workflowName":"My workflow 5","executionId":"8","nodeType":"n8n-nodes-base.webhook","nodeName":"Webhook","nodeId":"3bce7714-e122-4673-8fda-a89e2f53424e"}}
{"__type":"$$EventMessageConfirm","confirm":"6142ed4d-0abd-43ef-b70c-304c8a1ffd1d","ts":"2025-08-29T05:51:48.740-04:00","source":{"id":"0","name":"eventBus"}}
{"__type":"$$EventMessageNode","id":"a2b6182e-f010-4924-b172-6764122f01b0","ts":"2025-08-29T05:51:48.740-04:00","eventName":"n8n.node.started","message":"n8n.node.started","payload":{"workflowId":"j5zdvKiKUe5c4vkX","workflowName":"My workflow 5","executionId":"8","nodeType":"n8n-nodes-base.httpRequest","nodeName":"Get Intent","nodeId":"f18623a5-7a7b-4fc7-812b-cb269f6dca36"}}
{"__type":"$$EventMessageConfirm","confirm":"a2b6182e-f010-4924-b172-6764122f01b0","ts":"2025-08-29T05:51:48.740-04:00","source":{"id":"0","name":"eventBus"}}
{"__type":"$$EventMessageNode","id":"0673ff2d-2a4d-441d-b34c-e386210e4a9e","ts":"2025-08-29T05:51:48.804-04:00","eventName":"n8n.node.finished","message":"n8n.node.finished","payload":{"workflowId":"j5zdvKiKUe5c4vkX","workflowName":"My workflow 5","executionId":"8","nodeType":"n8n-nodes-base.httpRequest","nodeName":"Get Intent","nodeId":"f18623a5-7a7b-4fc7-812b-cb269f6dca36"}}
{"__type":"$$EventMessageConfirm","confirm":"0673ff2d-2a4d-441d-b34c-e386210e4a9e","ts":"2025-08-29T05:51:48.804-04:00","source":{"id":"0","name":"eventBus"}}
{"__type":"$$EventMessageWorkflow","id":"8b815f5b-17dd-45d1-b051-260202fac2fd","ts":"2025-08-29T05:51:48.806-04:00","eventName":"n8n.workflow.failed","message":"n8n.workflow.failed","payload":{"executionId":"8","success":false,"isManual":true,"workflowId":"j5zdvKiKUe5c4vkX","workflowName":"My workflow 5","lastNodeExecuted":"Get Intent","errorNodeType":"n8n-nodes-base.httpRequest","errorMessage":"Your request is invalid or could not be processed by the service"}}
{"__type":"$$EventMessageConfirm","confirm":"8b815f5b-17dd-45d1-b051-260202fac2fd","ts":"2025-08-29T05:51:48.806-04:00","source":{"id":"0","name":"eventBus"}}
{"__type":"$$EventMessageAudit","id":"0983c032-dffb-4b49-add6-ec8afebea1da","ts":"2025-08-29T06:06:56.197-04:00","eventName":"n8n.audit.workflow.updated","message":"n8n.audit.workflow.updated","payload":{"userId":"1c13873a-7d7a-4dac-89cb-851e83077a72","_email":"pratham.r.108@gmail.com","_firstName":"Pratham","_lastName":"R","globalRole":"global:owner","workflowId":"j5zdvKiKUe5c4vkX","workflowName":"My workflow 5"}}
{"__type":"$$EventMessageConfirm","confirm":"0983c032-dffb-4b49-add6-ec8afebea1da","ts":"2025-08-29T06:06:56.197-04:00","source":{"id":"0","name":"eventBus"}}
{"__type":"$$EventMessageAudit","id":"b1d297ae-6b37-4449-962d-e25e075d8e50","ts":"2025-08-29T06:07:00.149-04:00","eventName":"n8n.audit.workflow.updated","message":"n8n.audit.workflow.updated","payload":{"userId":"1c13873a-7d7a-4dac-89cb-851e83077a72","_email":"pratham.r.108@gmail.com","_firstName":"Pratham","_lastName":"R","globalRole":"global:owner","workflowId":"j5zdvKiKUe5c4vkX","workflowName":"My workflow 5"}}
{"__type":"$$EventMessageConfirm","confirm":"b1d297ae-6b37-4449-962d-e25e075d8e50","ts":"2025-08-29T06:07:00.149-04:00","source":{"id":"0","name":"eventBus"}}
{"__type":"$$EventMessageAudit","id":"010ae606-f99b-4968-b290-bbad79fb3616","ts":"2025-08-29T06:09:36.728-04:00","eventName":"n8n.audit.user.login.success","message":"n8n.audit.user.login.success","payload":{"userId":"1c13873a-7d7a-4dac-89cb-851e83077a72","_email":"pratham.r.108@gmail.com","_firstName":"Pratham","_lastName":"R","globalRole":"global:owner","authenticationMethod":"email"}}
{"__type":"$$EventMessageConfirm","confirm":"010ae606-f99b-4968-b290-bbad79fb3616","ts":"2025-08-29T06:09:36.728-04:00","source":{"id":"0","name":"eventBus"}}
{"__type":"$$EventMessageAudit","id":"6af269f6-050d-4811-8a89-e94a7e0d2e42","ts":"2025-08-29T06:30:21.401-04:00","eventName":"n8n.audit.workflow.created","message":"n8n.audit.workflow.created","payload":{"userId":"1c13873a-7d7a-4dac-89cb-851e83077a72","_email":"pratham.r.108@gmail.com","_firstName":"Pratham","_lastName":"R","globalRole":"global:owner","workflowId":"YxuGprKF2mzGbq3H","workflowName":"My workflow 6"}}
{"__type":"$$EventMessageConfirm","confirm":"6af269f6-050d-4811-8a89-e94a7e0d2e42","ts":"2025-08-29T06:30:21.401-04:00","source":{"id":"0","name":"eventBus"}}
{"__type":"$$EventMessageWorkflow","id":"dfd94520-ede8-4fad-9bde-1b404875a602","ts":"2025-08-29T06:30:35.191-04:00","eventName":"n8n.workflow.started","message":"n8n.workflow.started","payload":{"executionId":"9","workflowId":"YxuGprKF2mzGbq3H","isManual":false,"workflowName":"My workflow 6"}}
{"__type":"$$EventMessageConfirm","confirm":"dfd94520-ede8-4fad-9bde-1b404875a602","ts":"2025-08-29T06:30:35.191-04:00","source":{"id":"0","name":"eventBus"}}
{"__type":"$$EventMessageNode","id":"57112d8a-cf19-4906-b376-9306c81adcc9","ts":"2025-08-29T06:30:35.192-04:00","eventName":"n8n.node.started","message":"n8n.node.started","payload":{"workflowId":"YxuGprKF2mzGbq3H","workflowName":"My workflow 6","executionId":"9","nodeType":"n8n-nodes-base.webhook","nodeName":"Webhook","nodeId":"c878277f-64aa-4a83-9288-3bf0bf1f5f20"}}
{"__type":"$$EventMessageConfirm","confirm":"57112d8a-cf19-4906-b376-9306c81adcc9","ts":"2025-08-29T06:30:35.192-04:00","source":{"id":"0","name":"eventBus"}}
{"__type":"$$EventMessageNode","id":"bfcd7864-9530-4bde-9003-8c3f453c94c6","ts":"2025-08-29T06:30:35.193-04:00","eventName":"n8n.node.finished","message":"n8n.node.finished","payload":{"workflowId":"YxuGprKF2mzGbq3H","workflowName":"My workflow 6","executionId":"9","nodeType":"n8n-nodes-base.webhook","nodeName":"Webhook","nodeId":"c878277f-64aa-4a83-9288-3bf0bf1f5f20"}}
{"__type":"$$EventMessageConfirm","confirm":"bfcd7864-9530-4bde-9003-8c3f453c94c6","ts":"2025-08-29T06:30:35.193-04:00","source":{"id":"0","name":"eventBus"}}
{"__type":"$$EventMessageNode","id":"82a55f1e-9ba0-4833-b4cb-ea35f22c4d11","ts":"2025-08-29T06:30:35.193-04:00","eventName":"n8n.node.started","message":"n8n.node.started","payload":{"workflowId":"YxuGprKF2mzGbq3H","workflowName":"My workflow 6","executionId":"9","nodeType":"n8n-nodes-base.httpRequest","nodeName":"Get Intent","nodeId":"5dd54a32-8221-438b-abf3-e040a854c892"}}
{"__type":"$$EventMessageConfirm","confirm":"82a55f1e-9ba0-4833-b4cb-ea35f22c4d11","ts":"2025-08-29T06:30:35.193-04:00","source":{"id":"0","name":"eventBus"}}
{"__type":"$$EventMessageNode","id":"44820f6f-b47a-4af9-80cd-b0743c7fed2b","ts":"2025-08-29T06:30:35.201-04:00","eventName":"n8n.node.finished","message":"n8n.node.finished","payload":{"workflowId":"YxuGprKF2mzGbq3H","workflowName":"My workflow 6","executionId":"9","nodeType":"n8n-nodes-base.httpRequest","nodeName":"Get Intent","nodeId":"5dd54a32-8221-438b-abf3-e040a854c892"}}
{"__type":"$$EventMessageConfirm","confirm":"44820f6f-b47a-4af9-80cd-b0743c7fed2b","ts":"2025-08-29T06:30:35.201-04:00","source":{"id":"0","name":"eventBus"}}
{"__type":"$$EventMessageWorkflow","id":"6e4a387f-012e-4abe-896f-80d3e191941b","ts":"2025-08-29T06:30:35.203-04:00","eventName":"n8n.workflow.failed","message":"n8n.workflow.failed","payload":{"executionId":"9","success":false,"isManual":true,"workflowId":"YxuGprKF2mzGbq3H","workflowName":"My workflow 6","lastNodeExecuted":"Get Intent","errorNodeType":"n8n-nodes-base.httpRequest","errorMessage":"Bad request - please check your parameters"}}
{"__type":"$$EventMessageConfirm","confirm":"6e4a387f-012e-4abe-896f-80d3e191941b","ts":"2025-08-29T06:30:35.203-04:00","source":{"id":"0","name":"eventBus"}}
{"__type":"$$EventMessageAudit","id":"ba0083fb-01f4-489d-a393-1fc8e2c053e7","ts":"2025-08-29T06:35:20.633-04:00","eventName":"n8n.audit.workflow.archived","message":"n8n.audit.workflow.archived","payload":{"userId":"1c13873a-7d7a-4dac-89cb-851e83077a72","_email":"pratham.r.108@gmail.com","_firstName":"Pratham","_lastName":"R","globalRole":"global:owner","workflowId":"YxuGprKF2mzGbq3H"}}
{"__type":"$$EventMessageConfirm","confirm":"ba0083fb-01f4-489d-a393-1fc8e2c053e7","ts":"2025-08-29T06:35:20.633-04:00","source":{"id":"0","name":"eventBus"}}
{"__type":"$$EventMessageAudit","id":"851f33e1-7da8-441e-997a-a144fbc43637","ts":"2025-08-29T06:35:22.464-04:00","eventName":"n8n.audit.workflow.archived","message":"n8n.audit.workflow.archived","payload":{"userId":"1c13873a-7d7a-4dac-89cb-851e83077a72","_email":"pratham.r.108@gmail.com","_firstName":"Pratham","_lastName":"R","globalRole":"global:owner","workflowId":"j5zdvKiKUe5c4vkX"}}
{"__type":"$$EventMessageConfirm","confirm":"851f33e1-7da8-441e-997a-a144fbc43637","ts":"2025-08-29T06:35:22.464-04:00","source":{"id":"0","name":"eventBus"}}
{"__type":"$$EventMessageAudit","id":"0b8abeae-ba37-4ae6-be3c-416a11dc0e70","ts":"2025-08-29T06:35:26.356-04:00","eventName":"n8n.audit.workflow.archived","message":"n8n.audit.workflow.archived","payload":{"userId":"1c13873a-7d7a-4dac-89cb-851e83077a72","_email":"pratham.r.108@gmail.com","_firstName":"Pratham","_lastName":"R","globalRole":"global:owner","workflowId":"pqna0Jwrb4UqSmG8"}}
{"__type":"$$EventMessageConfirm","confirm":"0b8abeae-ba37-4ae6-be3c-416a11dc0e70","ts":"2025-08-29T06:35:26.356-04:00","source":{"id":"0","name":"eventBus"}}
{"__type":"$$EventMessageAudit","id":"c4bb1472-b863-45d8-8589-4d2105a961cd","ts":"2025-08-29T06:35:28.416-04:00","eventName":"n8n.audit.workflow.archived","message":"n8n.audit.workflow.archived","payload":{"userId":"1c13873a-7d7a-4dac-89cb-851e83077a72","_email":"pratham.r.108@gmail.com","_firstName":"Pratham","_lastName":"R","globalRole":"global:owner","workflowId":"tvCgUkTd2tnzH0Ak"}}
{"__type":"$$EventMessageConfirm","confirm":"c4bb1472-b863-45d8-8589-4d2105a961cd","ts":"2025-08-29T06:35:28.416-04:00","source":{"id":"0","name":"eventBus"}}
{"__type":"$$EventMessageAudit","id":"8cd84173-6dcc-4211-a7e1-b47dd54ca55f","ts":"2025-08-29T06:35:30.002-04:00","eventName":"n8n.audit.workflow.archived","message":"n8n.audit.workflow.archived","payload":{"userId":"1c13873a-7d7a-4dac-89cb-851e83077a72","_email":"pratham.r.108@gmail.com","_firstName":"Pratham","_lastName":"R","globalRole":"global:owner","workflowId":"c1AFI4dPeu9yZuV0"}}
{"__type":"$$EventMessageConfirm","confirm":"8cd84173-6dcc-4211-a7e1-b47dd54ca55f","ts":"2025-08-29T06:35:30.002-04:00","source":{"id":"0","name":"eventBus"}}
{"__type":"$$EventMessageAudit","id":"6a9c98ba-e754-46f7-9901-11bf7d306c59","ts":"2025-08-29T06:35:31.556-04:00","eventName":"n8n.audit.workflow.archived","message":"n8n.audit.workflow.archived","payload":{"userId":"1c13873a-7d7a-4dac-89cb-851e83077a72","_email":"pratham.r.108@gmail.com","_firstName":"Pratham","_lastName":"R","globalRole":"global:owner","workflowId":"RRubluqw0eIiepiO"}}
{"__type":"$$EventMessageConfirm","confirm":"6a9c98ba-e754-46f7-9901-11bf7d306c59","ts":"2025-08-29T06:35:31.556-04:00","source":{"id":"0","name":"eventBus"}}
{"__type":"$$EventMessageAudit","id":"2b4300bd-3124-4141-b682-34933187127a","ts":"2025-08-29T06:36:12.483-04:00","eventName":"n8n.audit.workflow.deleted","message":"n8n.audit.workflow.deleted","payload":{"userId":"1c13873a-7d7a-4dac-89cb-851e83077a72","_email":"pratham.r.108@gmail.com","_firstName":"Pratham","_lastName":"R","globalRole":"global:owner","workflowId":"RRubluqw0eIiepiO"}}
{"__type":"$$EventMessageConfirm","confirm":"2b4300bd-3124-4141-b682-34933187127a","ts":"2025-08-29T06:36:12.483-04:00","source":{"id":"0","name":"eventBus"}}
{"__type":"$$EventMessageAudit","id":"a536e8fb-d9c4-4b60-847e-07229fc4aa00","ts":"2025-08-29T06:36:15.562-04:00","eventName":"n8n.audit.workflow.deleted","message":"n8n.audit.workflow.deleted","payload":{"userId":"1c13873a-7d7a-4dac-89cb-851e83077a72","_email":"pratham.r.108@gmail.com","_firstName":"Pratham","_lastName":"R","globalRole":"global:owner","workflowId":"c1AFI4dPeu9yZuV0"}}
{"__type":"$$EventMessageConfirm","confirm":"a536e8fb-d9c4-4b60-847e-07229fc4aa00","ts":"2025-08-29T06:36:15.562-04:00","source":{"id":"0","name":"eventBus"}}
{"__type":"$$EventMessageAudit","id":"426894a7-b5ec-4d65-aa21-8c2d36f068ca","ts":"2025-08-29T06:36:18.825-04:00","eventName":"n8n.audit.workflow.deleted","message":"n8n.audit.workflow.deleted","payload":{"userId":"1c13873a-7d7a-4dac-89cb-851e83077a72","_email":"pratham.r.108@gmail.com","_firstName":"Pratham","_lastName":"R","globalRole":"global:owner","workflowId":"tvCgUkTd2tnzH0Ak"}}
{"__type":"$$EventMessageConfirm","confirm":"426894a7-b5ec-4d65-aa21-8c2d36f068ca","ts":"2025-08-29T06:36:18.825-04:00","source":{"id":"0","name":"eventBus"}}
{"__type":"$$EventMessageAudit","id":"f98d64b0-a13c-4001-92de-f3ebaea39e6d","ts":"2025-08-29T06:36:22.542-04:00","eventName":"n8n.audit.workflow.deleted","message":"n8n.audit.workflow.deleted","payload":{"userId":"1c13873a-7d7a-4dac-89cb-851e83077a72","_email":"pratham.r.108@gmail.com","_firstName":"Pratham","_lastName":"R","globalRole":"global:owner","workflowId":"pqna0Jwrb4UqSmG8"}}
{"__type":"$$EventMessageConfirm","confirm":"f98d64b0-a13c-4001-92de-f3ebaea39e6d","ts":"2025-08-29T06:36:22.542-04:00","source":{"id":"0","name":"eventBus"}}
{"__type":"$$EventMessageAudit","id":"fd897c76-a887-4833-a26b-5461f992144a","ts":"2025-08-29T06:36:25.796-04:00","eventName":"n8n.audit.workflow.deleted","message":"n8n.audit.workflow.deleted","payload":{"userId":"1c13873a-7d7a-4dac-89cb-851e83077a72","_email":"pratham.r.108@gmail.com","_firstName":"Pratham","_lastName":"R","globalRole":"global:owner","workflowId":"j5zdvKiKUe5c4vkX"}}
{"__type":"$$EventMessageConfirm","confirm":"fd897c76-a887-4833-a26b-5461f992144a","ts":"2025-08-29T06:36:25.796-04:00","source":{"id":"0","name":"eventBus"}}
{"__type":"$$EventMessageAudit","id":"5c1099e8-2fc1-401a-be1e-d75c90f36eef","ts":"2025-08-29T06:36:29.040-04:00","eventName":"n8n.audit.workflow.deleted","message":"n8n.audit.workflow.deleted","payload":{"userId":"1c13873a-7d7a-4dac-89cb-851e83077a72","_email":"pratham.r.108@gmail.com","_firstName":"Pratham","_lastName":"R","globalRole":"global:owner","workflowId":"YxuGprKF2mzGbq3H"}}
{"__type":"$$EventMessageConfirm","confirm":"5c1099e8-2fc1-401a-be1e-d75c90f36eef","ts":"2025-08-29T06:36:29.040-04:00","source":{"id":"0","name":"eventBus"}}
{"__type":"$$EventMessageAudit","id":"ac5f466b-9323-41d6-af25-14b60f859def","ts":"2025-08-29T06:47:54.688-04:00","eventName":"n8n.audit.workflow.created","message":"n8n.audit.workflow.created","payload":{"userId":"1c13873a-7d7a-4dac-89cb-851e83077a72","_email":"pratham.r.108@gmail.com","_firstName":"Pratham","_lastName":"R","globalRole":"global:owner","workflowId":"TH3RqHJQ3NufxYvO","workflowName":"My workflow"}}
{"__type":"$$EventMessageConfirm","confirm":"ac5f466b-9323-41d6-af25-14b60f859def","ts":"2025-08-29T06:47:54.688-04:00","source":{"id":"0","name":"eventBus"}}
{"__type":"$$EventMessageWorkflow","id":"44a058b3-abbd-441c-b47f-2de6f2d27f8d","ts":"2025-08-29T06:48:01.475-04:00","eventName":"n8n.workflow.started","message":"n8n.workflow.started","payload":{"executionId":"10","workflowId":"TH3RqHJQ3NufxYvO","isManual":false,"workflowName":"My workflow"}}
{"__type":"$$EventMessageConfirm","confirm":"44a058b3-abbd-441c-b47f-2de6f2d27f8d","ts":"2025-08-29T06:48:01.475-04:00","source":{"id":"0","name":"eventBus"}}
{"__type":"$$EventMessageNode","id":"e426b179-4c06-4d83-962c-f8f3b2b366fc","ts":"2025-08-29T06:48:01.476-04:00","eventName":"n8n.node.started","message":"n8n.node.started","payload":{"workflowId":"TH3RqHJQ3NufxYvO","workflowName":"My workflow","executionId":"10","nodeType":"n8n-nodes-base.webhook","nodeName":"Webhook","nodeId":"e35be1c2-0214-4654-b106-848ca28494b0"}}
{"__type":"$$EventMessageConfirm","confirm":"e426b179-4c06-4d83-962c-f8f3b2b366fc","ts":"2025-08-29T06:48:01.476-04:00","source":{"id":"0","name":"eventBus"}}
{"__type":"$$EventMessageNode","id":"289bd445-b6de-4f68-a6f1-973374c03ef8","ts":"2025-08-29T06:48:01.476-04:00","eventName":"n8n.node.finished","message":"n8n.node.finished","payload":{"workflowId":"TH3RqHJQ3NufxYvO","workflowName":"My workflow","executionId":"10","nodeType":"n8n-nodes-base.webhook","nodeName":"Webhook","nodeId":"e35be1c2-0214-4654-b106-848ca28494b0"}}
{"__type":"$$EventMessageConfirm","confirm":"289bd445-b6de-4f68-a6f1-973374c03ef8","ts":"2025-08-29T06:48:01.476-04:00","source":{"id":"0","name":"eventBus"}}
{"__type":"$$EventMessageNode","id":"06438c8e-8473-4f81-81f6-28011529aafb","ts":"2025-08-29T06:48:01.476-04:00","eventName":"n8n.node.started","message":"n8n.node.started","payload":{"workflowId":"TH3RqHJQ3NufxYvO","workflowName":"My workflow","executionId":"10","nodeType":"n8n-nodes-base.httpRequest","nodeName":"Get Intent","nodeId":"d92e024b-64c7-4ca5-a488-629f1fd6793e"}}
{"__type":"$$EventMessageConfirm","confirm":"06438c8e-8473-4f81-81f6-28011529aafb","ts":"2025-08-29T06:48:01.476-04:00","source":{"id":"0","name":"eventBus"}}
{"__type":"$$EventMessageNode","id":"9d14a199-1b37-43a9-9b5c-d975ce45c6b5","ts":"2025-08-29T06:48:01.482-04:00","eventName":"n8n.node.finished","message":"n8n.node.finished","payload":{"workflowId":"TH3RqHJQ3NufxYvO","workflowName":"My workflow","executionId":"10","nodeType":"n8n-nodes-base.httpRequest","nodeName":"Get Intent","nodeId":"d92e024b-64c7-4ca5-a488-629f1fd6793e"}}
{"__type":"$$EventMessageConfirm","confirm":"9d14a199-1b37-43a9-9b5c-d975ce45c6b5","ts":"2025-08-29T06:48:01.482-04:00","source":{"id":"0","name":"eventBus"}}
{"__type":"$$EventMessageWorkflow","id":"72e5bc9e-421e-4e0c-a6ae-2ac79372aba2","ts":"2025-08-29T06:48:01.482-04:00","eventName":"n8n.workflow.failed","message":"n8n.workflow.failed","payload":{"executionId":"10","success":false,"isManual":true,"workflowId":"TH3RqHJQ3NufxYvO","workflowName":"My workflow","lastNodeExecuted":"Get Intent","errorNodeType":"n8n-nodes-base.httpRequest","errorMessage":"Bad request - please check your parameters"}}
{"__type":"$$EventMessageConfirm","confirm":"72e5bc9e-421e-4e0c-a6ae-2ac79372aba2","ts":"2025-08-29T06:48:01.483-04:00","source":{"id":"0","name":"eventBus"}}
